{"level":"info","message":"Servidor BANCARIZATE iniciado en puerto 5000","service":"bancarizate-api","timestamp":"2025-07-29T12:18:46.846Z"}
{"level":"info","message":"Ambiente: development","service":"bancarizate-api","timestamp":"2025-07-29T12:18:46.849Z"}
{"level":"info","message":"Servidor BANCARIZATE iniciado en puerto 5000","service":"bancarizate-api","timestamp":"2025-07-29T13:13:53.263Z"}
{"level":"info","message":"Ambiente: development","service":"bancarizate-api","timestamp":"2025-07-29T13:13:53.266Z"}
{"level":"warn","message":"Ruta no encontrada: GET /favicon.ico","service":"bancarizate-api","timestamp":"2025-07-29T13:14:03.944Z"}
{"level":"info","message":"Servidor BANCARIZATE iniciado en puerto 5000","service":"bancarizate-api","timestamp":"2025-07-29T23:24:14.859Z"}
{"level":"info","message":"Ambiente: development","service":"bancarizate-api","timestamp":"2025-07-29T23:24:14.864Z"}
{"level":"info","message":"Servidor BANCARIZATE iniciado en puerto 5000","service":"bancarizate-api","timestamp":"2025-07-29T23:26:21.981Z"}
{"level":"info","message":"Ambiente: development","service":"bancarizate-api","timestamp":"2025-07-29T23:26:21.984Z"}
{"level":"info","message":"Servidor BANCARIZATE iniciado en puerto 5000","service":"bancarizate-api","timestamp":"2025-07-29T23:32:58.026Z"}
{"level":"info","message":"Ambiente: development","service":"bancarizate-api","timestamp":"2025-07-29T23:32:58.030Z"}
{"level":"info","message":"Servidor BANCARIZATE iniciado en puerto 5000","service":"bancarizate-api","timestamp":"2025-07-29T23:33:06.414Z"}
{"level":"info","message":"Ambiente: development","service":"bancarizate-api","timestamp":"2025-07-29T23:33:06.417Z"}
{"level":"info","message":"Servidor BANCARIZATE iniciado en puerto 5000","service":"bancarizate-api","timestamp":"2025-07-30T00:02:41.877Z"}
{"level":"info","message":"Ambiente: development","service":"bancarizate-api","timestamp":"2025-07-30T00:02:41.880Z"}
{"level":"info","message":"GET /api/health - ::1","service":"bancarizate-api","timestamp":"2025-07-30T00:03:19.611Z"}
{"level":"info","message":"GET /api/health - ::1","service":"bancarizate-api","timestamp":"2025-07-30T00:03:32.055Z"}
{"level":"info","message":"POST /api/auth/login - ::1","service":"bancarizate-api","timestamp":"2025-07-30T00:03:57.565Z"}
{"level":"info","message":"GET /api/auth/verify - ::1","service":"bancarizate-api","timestamp":"2025-07-30T00:05:06.298Z"}
{"level":"info","message":"GET /api/auth/verify - ::1","service":"bancarizate-api","timestamp":"2025-07-30T00:05:06.301Z"}
{"level":"info","message":"POST /api/auth/login - ::1","service":"bancarizate-api","timestamp":"2025-07-30T00:05:11.228Z"}
{"level":"info","message":"POST /api/auth/logout - ::1","service":"bancarizate-api","timestamp":"2025-07-30T00:05:25.583Z"}
{"level":"info","message":"POST /api/auth/login - ::1","service":"bancarizate-api","timestamp":"2025-07-30T00:05:30.889Z"}
{"level":"info","message":"POST /api/auth/login - ::1","service":"bancarizate-api","timestamp":"2025-07-30T00:05:37.183Z"}
{"level":"info","message":"GET /api/auth/verify - ::1","service":"bancarizate-api","timestamp":"2025-07-30T00:06:09.755Z"}
{"level":"info","message":"GET /api/auth/verify - ::1","service":"bancarizate-api","timestamp":"2025-07-30T00:06:10.271Z"}
{"level":"info","message":"GET /api/auth/verify - ::1","service":"bancarizate-api","timestamp":"2025-07-30T00:06:23.478Z"}
{"level":"info","message":"GET /api/auth/verify - ::1","service":"bancarizate-api","timestamp":"2025-07-30T00:06:23.873Z"}
{"level":"info","message":"GET /api/auth/verify - ::1","service":"bancarizate-api","timestamp":"2025-07-30T00:07:20.701Z"}
{"level":"info","message":"GET /api/auth/verify - ::1","service":"bancarizate-api","timestamp":"2025-07-30T00:07:20.974Z"}
{"level":"info","message":"POST /api/auth/logout - ::1","service":"bancarizate-api","timestamp":"2025-07-30T00:44:30.482Z"}
{"level":"info","message":"POST /api/auth/login - ::1","service":"bancarizate-api","timestamp":"2025-07-30T00:44:38.470Z"}
{"level":"info","message":"Servidor BANCARIZATE iniciado en puerto 5000","service":"bancarizate-api","timestamp":"2025-07-30T01:17:01.862Z"}
{"level":"info","message":"Ambiente: development","service":"bancarizate-api","timestamp":"2025-07-30T01:17:01.864Z"}
{"level":"info","message":"POST /api/auth/login - ::1","service":"bancarizate-api","timestamp":"2025-07-30T01:17:12.074Z"}
{"level":"info","message":"GET /api/students?page=1&limit=20 - ::1","service":"bancarizate-api","timestamp":"2025-07-30T01:17:17.864Z"}
{"level":"info","message":"GET /api/students?page=1&limit=20 - ::1","service":"bancarizate-api","timestamp":"2025-07-30T01:17:18.053Z"}
{"level":"info","message":"GET /api/students?page=1&limit=20 - ::1","service":"bancarizate-api","timestamp":"2025-07-30T01:17:18.360Z"}
{"level":"info","message":"GET /api/students?page=1&limit=20 - ::1","service":"bancarizate-api","timestamp":"2025-07-30T01:17:23.576Z"}
{"level":"info","message":"GET /api/students?page=1&limit=20 - ::1","service":"bancarizate-api","timestamp":"2025-07-30T01:17:24.722Z"}
{"level":"info","message":"GET /api/students?page=1&limit=20 - ::1","service":"bancarizate-api","timestamp":"2025-07-30T01:17:59.661Z"}
{"level":"info","message":"Servidor BANCARIZATE iniciado en puerto 5000","service":"bancarizate-api","timestamp":"2025-07-30T01:41:12.509Z"}
{"level":"info","message":"Ambiente: development","service":"bancarizate-api","timestamp":"2025-07-30T01:41:12.511Z"}
{"level":"info","message":"Servidor BANCARIZATE iniciado en puerto 5000","service":"bancarizate-api","timestamp":"2025-07-30T01:41:26.131Z"}
{"level":"info","message":"Ambiente: development","service":"bancarizate-api","timestamp":"2025-07-30T01:41:26.134Z"}
{"level":"info","message":"Servidor BANCARIZATE iniciado en puerto 5000","service":"bancarizate-api","timestamp":"2025-07-30T01:41:39.992Z"}
{"level":"info","message":"Ambiente: development","service":"bancarizate-api","timestamp":"2025-07-30T01:41:40.000Z"}
{"level":"info","message":"GET /api/teachers?page=1&limit=20 - ::1","service":"bancarizate-api","timestamp":"2025-07-30T01:42:32.306Z"}
{"level":"info","message":"GET /api/teachers?page=1&limit=20 - ::1","service":"bancarizate-api","timestamp":"2025-07-30T01:42:33.655Z"}
{"level":"info","message":"GET /api/teachers?page=1&limit=20 - ::1","service":"bancarizate-api","timestamp":"2025-07-30T01:42:34.190Z"}
{"level":"info","message":"GET /api/teachers?page=1&limit=20 - ::1","service":"bancarizate-api","timestamp":"2025-07-30T01:42:59.377Z"}
{"level":"info","message":"GET /api/teachers?page=1&limit=20 - ::1","service":"bancarizate-api","timestamp":"2025-07-30T01:42:59.651Z"}
{"level":"info","message":"GET /api/teachers?page=1&limit=20 - ::1","service":"bancarizate-api","timestamp":"2025-07-30T01:42:59.882Z"}
{"level":"info","message":"GET /api/students?page=1&limit=20 - ::1","service":"bancarizate-api","timestamp":"2025-07-30T01:43:52.207Z"}
{"level":"info","message":"GET /api/students?page=1&limit=20 - ::1","service":"bancarizate-api","timestamp":"2025-07-30T01:43:52.667Z"}
{"level":"info","message":"GET /api/students?page=1&limit=20 - ::1","service":"bancarizate-api","timestamp":"2025-07-30T01:43:52.926Z"}
{"level":"info","message":"GET /api/teachers?page=1&limit=20 - ::1","service":"bancarizate-api","timestamp":"2025-07-30T01:52:17.244Z"}
{"level":"info","message":"GET /api/teachers?page=1&limit=20 - ::1","service":"bancarizate-api","timestamp":"2025-07-30T01:52:17.715Z"}
{"level":"info","message":"GET /api/teachers?page=1&limit=20 - ::1","service":"bancarizate-api","timestamp":"2025-07-30T01:52:18.077Z"}
{"level":"info","message":"Servidor BANCARIZATE iniciado en puerto 5000","service":"bancarizate-api","timestamp":"2025-07-30T02:03:01.855Z"}
{"level":"info","message":"Ambiente: development","service":"bancarizate-api","timestamp":"2025-07-30T02:03:01.863Z"}
{"level":"info","message":"Servidor BANCARIZATE iniciado en puerto 5000","service":"bancarizate-api","timestamp":"2025-07-30T02:03:20.540Z"}
{"level":"info","message":"Ambiente: development","service":"bancarizate-api","timestamp":"2025-07-30T02:03:20.552Z"}
{"level":"info","message":"Servidor BANCARIZATE iniciado en puerto 5000","service":"bancarizate-api","timestamp":"2025-07-30T02:03:37.701Z"}
{"level":"info","message":"Ambiente: development","service":"bancarizate-api","timestamp":"2025-07-30T02:03:37.705Z"}
{"level":"info","message":"Servidor BANCARIZATE iniciado en puerto 5000","service":"bancarizate-api","timestamp":"2025-07-30T02:04:16.876Z"}
{"level":"info","message":"Ambiente: development","service":"bancarizate-api","timestamp":"2025-07-30T02:04:16.879Z"}
{"level":"info","message":"Servidor BANCARIZATE iniciado en puerto 5000","service":"bancarizate-api","timestamp":"2025-07-30T02:13:05.747Z"}
{"level":"info","message":"Ambiente: development","service":"bancarizate-api","timestamp":"2025-07-30T02:13:05.750Z"}
{"level":"info","message":"Servidor BANCARIZATE iniciado en puerto 5000","service":"bancarizate-api","timestamp":"2025-07-30T02:13:26.381Z"}
{"level":"info","message":"Ambiente: development","service":"bancarizate-api","timestamp":"2025-07-30T02:13:26.384Z"}
{"level":"info","message":"Servidor BANCARIZATE iniciado en puerto 5000","service":"bancarizate-api","timestamp":"2025-07-30T02:13:46.059Z"}
{"level":"info","message":"Ambiente: development","service":"bancarizate-api","timestamp":"2025-07-30T02:13:46.062Z"}
{"level":"info","message":"Servidor BANCARIZATE iniciado en puerto 5000","service":"bancarizate-api","timestamp":"2025-07-30T02:35:46.832Z"}
{"level":"info","message":"Ambiente: development","service":"bancarizate-api","timestamp":"2025-07-30T02:35:46.838Z"}
{"level":"info","message":"Servidor BANCARIZATE iniciado en puerto 5000","service":"bancarizate-api","timestamp":"2025-07-30T16:20:57.914Z"}
{"level":"info","message":"Ambiente: development","service":"bancarizate-api","timestamp":"2025-07-30T16:20:57.918Z"}
{"level":"info","message":"Servidor BANCARIZATE iniciado en puerto 5000","service":"bancarizate-api","timestamp":"2025-07-30T16:31:37.555Z"}
{"level":"info","message":"Ambiente: development","service":"bancarizate-api","timestamp":"2025-07-30T16:31:37.565Z"}
{"level":"info","message":"Servidor BANCARIZATE iniciado en puerto 5000","service":"bancarizate-api","timestamp":"2025-07-30T16:32:12.686Z"}
{"level":"info","message":"Ambiente: development","service":"bancarizate-api","timestamp":"2025-07-30T16:32:12.691Z"}
{"level":"info","message":"Servidor BANCARIZATE iniciado en puerto 5000","service":"bancarizate-api","timestamp":"2025-07-30T16:32:29.206Z"}
{"level":"info","message":"Ambiente: development","service":"bancarizate-api","timestamp":"2025-07-30T16:32:29.209Z"}
{"level":"info","message":"Servidor BANCARIZATE iniciado en puerto 5000","service":"bancarizate-api","timestamp":"2025-07-30T16:32:42.310Z"}
{"level":"info","message":"Ambiente: development","service":"bancarizate-api","timestamp":"2025-07-30T16:32:42.319Z"}
{"level":"info","message":"Servidor BANCARIZATE iniciado en puerto 5000","service":"bancarizate-api","timestamp":"2025-07-30T16:32:54.656Z"}
{"level":"info","message":"Ambiente: development","service":"bancarizate-api","timestamp":"2025-07-30T16:32:54.663Z"}
{"level":"info","message":"Servidor BANCARIZATE iniciado en puerto 5000","service":"bancarizate-api","timestamp":"2025-07-30T16:35:28.555Z"}
{"level":"info","message":"Ambiente: development","service":"bancarizate-api","timestamp":"2025-07-30T16:35:28.559Z"}
{"level":"info","message":"Servidor BANCARIZATE iniciado en puerto 5000","service":"bancarizate-api","timestamp":"2025-07-30T16:43:45.510Z"}
{"level":"info","message":"Ambiente: development","service":"bancarizate-api","timestamp":"2025-07-30T16:43:45.514Z"}
{"level":"info","message":"Servidor BANCARIZATE iniciado en puerto 5000","service":"bancarizate-api","timestamp":"2025-07-30T18:07:58.607Z"}
{"level":"info","message":"Ambiente: development","service":"bancarizate-api","timestamp":"2025-07-30T18:07:58.612Z"}
{"level":"info","message":"Servidor BANCARIZATE iniciado en puerto 5000","service":"bancarizate-api","timestamp":"2025-07-30T18:09:45.062Z"}
{"level":"info","message":"Ambiente: development","service":"bancarizate-api","timestamp":"2025-07-30T18:09:45.065Z"}
{"level":"info","message":"Servidor BANCARIZATE iniciado en puerto 5000","service":"bancarizate-api","timestamp":"2025-07-30T21:13:01.956Z"}
{"level":"info","message":"Ambiente: development","service":"bancarizate-api","timestamp":"2025-07-30T21:13:01.959Z"}
{"level":"info","message":"Servidor BANCARIZATE iniciado en puerto 5000","service":"bancarizate-api","timestamp":"2025-07-30T21:20:10.096Z"}
{"level":"info","message":"Ambiente: development","service":"bancarizate-api","timestamp":"2025-07-30T21:20:10.099Z"}
{"level":"info","message":"Servidor BANCARIZATE iniciado en puerto 5000","service":"bancarizate-api","timestamp":"2025-07-30T21:20:17.366Z"}
{"level":"info","message":"Ambiente: development","service":"bancarizate-api","timestamp":"2025-07-30T21:20:17.370Z"}
{"level":"info","message":"Servidor BANCARIZATE iniciado en puerto 5000","service":"bancarizate-api","timestamp":"2025-07-30T21:30:56.405Z"}
{"level":"info","message":"Ambiente: development","service":"bancarizate-api","timestamp":"2025-07-30T21:30:56.411Z"}
{"level":"info","message":"Servidor BANCARIZATE iniciado en puerto 5000","service":"bancarizate-api","timestamp":"2025-07-30T21:44:29.144Z"}
{"level":"info","message":"Ambiente: development","service":"bancarizate-api","timestamp":"2025-07-30T21:44:29.157Z"}
{"level":"info","message":"Servidor BANCARIZATE iniciado en puerto 5000","service":"bancarizate-api","timestamp":"2025-07-31T00:19:13.435Z"}
{"level":"info","message":"Ambiente: development","service":"bancarizate-api","timestamp":"2025-07-31T00:19:13.437Z"}
{"level":"info","message":"Servidor BANCARIZATE iniciado en puerto 5000","service":"bancarizate-api","timestamp":"2025-07-31T00:31:17.897Z"}
{"level":"info","message":"Ambiente: development","service":"bancarizate-api","timestamp":"2025-07-31T00:31:17.900Z"}
{"level":"info","message":"Servidor BANCARIZATE iniciado en puerto 5000","service":"bancarizate-api","timestamp":"2025-07-31T00:33:13.130Z"}
{"level":"info","message":"Ambiente: development","service":"bancarizate-api","timestamp":"2025-07-31T00:33:13.133Z"}
{"level":"info","message":"Servidor BANCARIZATE iniciado en puerto 5000","service":"bancarizate-api","timestamp":"2025-07-31T00:44:16.568Z"}
{"level":"info","message":"Ambiente: development","service":"bancarizate-api","timestamp":"2025-07-31T00:44:16.571Z"}
{"level":"info","message":"Servidor BANCARIZATE iniciado en puerto 5000","service":"bancarizate-api","timestamp":"2025-07-31T00:59:38.627Z"}
{"level":"info","message":"Ambiente: development","service":"bancarizate-api","timestamp":"2025-07-31T00:59:38.630Z"}
{"level":"info","message":"Servidor BANCARIZATE iniciado en puerto 5000","service":"bancarizate-api","timestamp":"2025-07-31T01:00:27.528Z"}
{"level":"info","message":"Ambiente: development","service":"bancarizate-api","timestamp":"2025-07-31T01:00:27.531Z"}
{"level":"info","message":"Servidor BANCARIZATE iniciado en puerto 5000","service":"bancarizate-api","timestamp":"2025-07-31T01:02:24.637Z"}
{"level":"info","message":"Ambiente: development","service":"bancarizate-api","timestamp":"2025-07-31T01:02:24.642Z"}
{"level":"info","message":"Servidor BANCARIZATE iniciado en puerto 5000","service":"bancarizate-api","timestamp":"2025-07-31T01:08:28.309Z"}
{"level":"info","message":"Ambiente: development","service":"bancarizate-api","timestamp":"2025-07-31T01:08:28.311Z"}
{"level":"info","message":"Servidor BANCARIZATE iniciado en puerto 5000","service":"bancarizate-api","timestamp":"2025-07-31T02:12:26.507Z"}
{"level":"info","message":"Ambiente: development","service":"bancarizate-api","timestamp":"2025-07-31T02:12:26.511Z"}
{"level":"info","message":"Servidor BANCARIZATE iniciado en puerto 5000","service":"bancarizate-api","timestamp":"2025-07-31T02:20:17.721Z"}
{"level":"info","message":"Ambiente: development","service":"bancarizate-api","timestamp":"2025-07-31T02:20:17.724Z"}
{"level":"info","message":"Servidor BANCARIZATE iniciado en puerto 5000","service":"bancarizate-api","timestamp":"2025-07-31T02:20:27.328Z"}
{"level":"info","message":"Ambiente: development","service":"bancarizate-api","timestamp":"2025-07-31T02:20:27.331Z"}
{"error":"Unexpected token '\"', \"\"18108750-1\"\" is not valid JSON","ip":"::1","level":"error","message":"Error no manejado:","method":"POST","service":"bancarizate-api","stack":"SyntaxError: Unexpected token '\"', \"\"18108750-1\"\" is not valid JSON\n    at JSON.parse (<anonymous>)\n    at createStrictSyntaxError (C:\\Users\\hugom\\OneDrive\\Desktop\\Bancarizame\\backend\\node_modules\\body-parser\\lib\\types\\json.js:169:10)\n    at parse (C:\\Users\\hugom\\OneDrive\\Desktop\\Bancarizame\\backend\\node_modules\\body-parser\\lib\\types\\json.js:86:15)\n    at C:\\Users\\hugom\\OneDrive\\Desktop\\Bancarizame\\backend\\node_modules\\body-parser\\lib\\read.js:128:18\n    at AsyncResource.runInAsyncScope (node:async_hooks:206:9)\n    at invokeCallback (C:\\Users\\hugom\\OneDrive\\Desktop\\Bancarizame\\backend\\node_modules\\raw-body\\index.js:238:16)\n    at done (C:\\Users\\hugom\\OneDrive\\Desktop\\Bancarizame\\backend\\node_modules\\raw-body\\index.js:227:7)\n    at IncomingMessage.onEnd (C:\\Users\\hugom\\OneDrive\\Desktop\\Bancarizame\\backend\\node_modules\\raw-body\\index.js:287:7)\n    at IncomingMessage.emit (node:events:524:28)\n    at endReadableNT (node:internal/streams/readable:1698:12)","timestamp":"2025-07-31T02:32:07.236Z","url":"/api/auth/login","userAgent":"Mozilla/5.0 (Windows NT 10.0; Win64; x64) AppleWebKit/537.36 (KHTML, like Gecko) Chrome/138.0.0.0 Safari/537.36"}
{"error":"Unexpected token '\"', \"\"18108750-1\"\" is not valid JSON","ip":"::1","level":"error","message":"Error no manejado:","method":"POST","service":"bancarizate-api","stack":"SyntaxError: Unexpected token '\"', \"\"18108750-1\"\" is not valid JSON\n    at JSON.parse (<anonymous>)\n    at createStrictSyntaxError (C:\\Users\\hugom\\OneDrive\\Desktop\\Bancarizame\\backend\\node_modules\\body-parser\\lib\\types\\json.js:169:10)\n    at parse (C:\\Users\\hugom\\OneDrive\\Desktop\\Bancarizame\\backend\\node_modules\\body-parser\\lib\\types\\json.js:86:15)\n    at C:\\Users\\hugom\\OneDrive\\Desktop\\Bancarizame\\backend\\node_modules\\body-parser\\lib\\read.js:128:18\n    at AsyncResource.runInAsyncScope (node:async_hooks:206:9)\n    at invokeCallback (C:\\Users\\hugom\\OneDrive\\Desktop\\Bancarizame\\backend\\node_modules\\raw-body\\index.js:238:16)\n    at done (C:\\Users\\hugom\\OneDrive\\Desktop\\Bancarizame\\backend\\node_modules\\raw-body\\index.js:227:7)\n    at IncomingMessage.onEnd (C:\\Users\\hugom\\OneDrive\\Desktop\\Bancarizame\\backend\\node_modules\\raw-body\\index.js:287:7)\n    at IncomingMessage.emit (node:events:524:28)\n    at endReadableNT (node:internal/streams/readable:1698:12)","timestamp":"2025-07-31T02:32:30.391Z","url":"/api/auth/login","userAgent":"Mozilla/5.0 (Windows NT 10.0; Win64; x64) AppleWebKit/537.36 (KHTML, like Gecko) Chrome/138.0.0.0 Safari/537.36"}
{"level":"info","message":"Servidor BANCARIZATE iniciado en puerto 5000","service":"bancarizate-api","timestamp":"2025-07-31T02:33:15.892Z"}
{"level":"info","message":"Ambiente: development","service":"bancarizate-api","timestamp":"2025-07-31T02:33:15.895Z"}
{"error":"Unexpected token '\"', \"\"18108750-1\"\" is not valid JSON","ip":"::1","level":"error","message":"Error no manejado:","method":"POST","service":"bancarizate-api","stack":"SyntaxError: Unexpected token '\"', \"\"18108750-1\"\" is not valid JSON\n    at JSON.parse (<anonymous>)\n    at createStrictSyntaxError (C:\\Users\\hugom\\OneDrive\\Desktop\\Bancarizame\\backend\\node_modules\\body-parser\\lib\\types\\json.js:169:10)\n    at parse (C:\\Users\\hugom\\OneDrive\\Desktop\\Bancarizame\\backend\\node_modules\\body-parser\\lib\\types\\json.js:86:15)\n    at C:\\Users\\hugom\\OneDrive\\Desktop\\Bancarizame\\backend\\node_modules\\body-parser\\lib\\read.js:128:18\n    at AsyncResource.runInAsyncScope (node:async_hooks:206:9)\n    at invokeCallback (C:\\Users\\hugom\\OneDrive\\Desktop\\Bancarizame\\backend\\node_modules\\raw-body\\index.js:238:16)\n    at done (C:\\Users\\hugom\\OneDrive\\Desktop\\Bancarizame\\backend\\node_modules\\raw-body\\index.js:227:7)\n    at IncomingMessage.onEnd (C:\\Users\\hugom\\OneDrive\\Desktop\\Bancarizame\\backend\\node_modules\\raw-body\\index.js:287:7)\n    at IncomingMessage.emit (node:events:524:28)\n    at endReadableNT (node:internal/streams/readable:1698:12)","timestamp":"2025-07-31T02:33:21.444Z","url":"/api/auth/login","userAgent":"Mozilla/5.0 (Windows NT 10.0; Win64; x64) AppleWebKit/537.36 (KHTML, like Gecko) Chrome/138.0.0.0 Safari/537.36"}
{"error":"Unexpected token '\"', \"\"18108750-1\"\" is not valid JSON","ip":"::1","level":"error","message":"Error no manejado:","method":"POST","service":"bancarizate-api","stack":"SyntaxError: Unexpected token '\"', \"\"18108750-1\"\" is not valid JSON\n    at JSON.parse (<anonymous>)\n    at createStrictSyntaxError (C:\\Users\\hugom\\OneDrive\\Desktop\\Bancarizame\\backend\\node_modules\\body-parser\\lib\\types\\json.js:169:10)\n    at parse (C:\\Users\\hugom\\OneDrive\\Desktop\\Bancarizame\\backend\\node_modules\\body-parser\\lib\\types\\json.js:86:15)\n    at C:\\Users\\hugom\\OneDrive\\Desktop\\Bancarizame\\backend\\node_modules\\body-parser\\lib\\read.js:128:18\n    at AsyncResource.runInAsyncScope (node:async_hooks:206:9)\n    at invokeCallback (C:\\Users\\hugom\\OneDrive\\Desktop\\Bancarizame\\backend\\node_modules\\raw-body\\index.js:238:16)\n    at done (C:\\Users\\hugom\\OneDrive\\Desktop\\Bancarizame\\backend\\node_modules\\raw-body\\index.js:227:7)\n    at IncomingMessage.onEnd (C:\\Users\\hugom\\OneDrive\\Desktop\\Bancarizame\\backend\\node_modules\\raw-body\\index.js:287:7)\n    at IncomingMessage.emit (node:events:524:28)\n    at endReadableNT (node:internal/streams/readable:1698:12)","timestamp":"2025-07-31T02:33:56.964Z","url":"/api/auth/login","userAgent":"Mozilla/5.0 (Windows NT 10.0; Win64; x64) AppleWebKit/537.36 (KHTML, like Gecko) Chrome/138.0.0.0 Safari/537.36"}
{"error":"Unexpected token '\"', \"\"26431919-6\"\" is not valid JSON","ip":"::1","level":"error","message":"Error no manejado:","method":"POST","service":"bancarizate-api","stack":"SyntaxError: Unexpected token '\"', \"\"26431919-6\"\" is not valid JSON\n    at JSON.parse (<anonymous>)\n    at createStrictSyntaxError (C:\\Users\\hugom\\OneDrive\\Desktop\\Bancarizame\\backend\\node_modules\\body-parser\\lib\\types\\json.js:169:10)\n    at parse (C:\\Users\\hugom\\OneDrive\\Desktop\\Bancarizame\\backend\\node_modules\\body-parser\\lib\\types\\json.js:86:15)\n    at C:\\Users\\hugom\\OneDrive\\Desktop\\Bancarizame\\backend\\node_modules\\body-parser\\lib\\read.js:128:18\n    at AsyncResource.runInAsyncScope (node:async_hooks:206:9)\n    at invokeCallback (C:\\Users\\hugom\\OneDrive\\Desktop\\Bancarizame\\backend\\node_modules\\raw-body\\index.js:238:16)\n    at done (C:\\Users\\hugom\\OneDrive\\Desktop\\Bancarizame\\backend\\node_modules\\raw-body\\index.js:227:7)\n    at IncomingMessage.onEnd (C:\\Users\\hugom\\OneDrive\\Desktop\\Bancarizame\\backend\\node_modules\\raw-body\\index.js:287:7)\n    at IncomingMessage.emit (node:events:524:28)\n    at endReadableNT (node:internal/streams/readable:1698:12)","timestamp":"2025-07-31T02:34:06.700Z","url":"/api/auth/login","userAgent":"Mozilla/5.0 (Windows NT 10.0; Win64; x64) AppleWebKit/537.36 (KHTML, like Gecko) Chrome/138.0.0.0 Safari/537.36"}
{"error":"Unexpected token '\"', \"\"18108750-1\"\" is not valid JSON","ip":"::1","level":"error","message":"Error no manejado:","method":"POST","service":"bancarizate-api","stack":"SyntaxError: Unexpected token '\"', \"\"18108750-1\"\" is not valid JSON\n    at JSON.parse (<anonymous>)\n    at createStrictSyntaxError (C:\\Users\\hugom\\OneDrive\\Desktop\\Bancarizame\\backend\\node_modules\\body-parser\\lib\\types\\json.js:169:10)\n    at parse (C:\\Users\\hugom\\OneDrive\\Desktop\\Bancarizame\\backend\\node_modules\\body-parser\\lib\\types\\json.js:86:15)\n    at C:\\Users\\hugom\\OneDrive\\Desktop\\Bancarizame\\backend\\node_modules\\body-parser\\lib\\read.js:128:18\n    at AsyncResource.runInAsyncScope (node:async_hooks:206:9)\n    at invokeCallback (C:\\Users\\hugom\\OneDrive\\Desktop\\Bancarizame\\backend\\node_modules\\raw-body\\index.js:238:16)\n    at done (C:\\Users\\hugom\\OneDrive\\Desktop\\Bancarizame\\backend\\node_modules\\raw-body\\index.js:227:7)\n    at IncomingMessage.onEnd (C:\\Users\\hugom\\OneDrive\\Desktop\\Bancarizame\\backend\\node_modules\\raw-body\\index.js:287:7)\n    at IncomingMessage.emit (node:events:524:28)\n    at endReadableNT (node:internal/streams/readable:1698:12)","timestamp":"2025-07-31T02:35:17.650Z","url":"/api/auth/login","userAgent":"Mozilla/5.0 (Windows NT 10.0; Win64; x64) AppleWebKit/537.36 (KHTML, like Gecko) Chrome/138.0.0.0 Safari/537.36"}
{"level":"info","message":"Servidor BANCARIZATE iniciado en puerto 5000","service":"bancarizate-api","timestamp":"2025-07-31T02:35:33.186Z"}
{"level":"info","message":"Ambiente: development","service":"bancarizate-api","timestamp":"2025-07-31T02:35:33.191Z"}
{"error":"Unexpected token '\"', \"\"18108750-1\"\" is not valid JSON","ip":"::1","level":"error","message":"Error no manejado:","method":"POST","service":"bancarizate-api","stack":"SyntaxError: Unexpected token '\"', \"\"18108750-1\"\" is not valid JSON\n    at JSON.parse (<anonymous>)\n    at createStrictSyntaxError (C:\\Users\\hugom\\OneDrive\\Desktop\\Bancarizame\\backend\\node_modules\\body-parser\\lib\\types\\json.js:169:10)\n    at parse (C:\\Users\\hugom\\OneDrive\\Desktop\\Bancarizame\\backend\\node_modules\\body-parser\\lib\\types\\json.js:86:15)\n    at C:\\Users\\hugom\\OneDrive\\Desktop\\Bancarizame\\backend\\node_modules\\body-parser\\lib\\read.js:128:18\n    at AsyncResource.runInAsyncScope (node:async_hooks:206:9)\n    at invokeCallback (C:\\Users\\hugom\\OneDrive\\Desktop\\Bancarizame\\backend\\node_modules\\raw-body\\index.js:238:16)\n    at done (C:\\Users\\hugom\\OneDrive\\Desktop\\Bancarizame\\backend\\node_modules\\raw-body\\index.js:227:7)\n    at IncomingMessage.onEnd (C:\\Users\\hugom\\OneDrive\\Desktop\\Bancarizame\\backend\\node_modules\\raw-body\\index.js:287:7)\n    at IncomingMessage.emit (node:events:524:28)\n    at endReadableNT (node:internal/streams/readable:1698:12)","timestamp":"2025-07-31T02:35:42.488Z","url":"/api/auth/login","userAgent":"Mozilla/5.0 (Windows NT 10.0; Win64; x64) AppleWebKit/537.36 (KHTML, like Gecko) Chrome/138.0.0.0 Safari/537.36"}
{"level":"info","message":"Servidor BANCARIZATE iniciado en puerto 5000","service":"bancarizate-api","timestamp":"2025-07-31T02:37:14.163Z"}
{"level":"info","message":"Ambiente: development","service":"bancarizate-api","timestamp":"2025-07-31T02:37:14.166Z"}
{"level":"info","message":"Servidor BANCARIZATE iniciado en puerto 5000","service":"bancarizate-api","timestamp":"2025-07-31T02:38:15.944Z"}
{"level":"info","message":"Ambiente: development","service":"bancarizate-api","timestamp":"2025-07-31T02:38:15.947Z"}
{"error":"Unexpected token '\"', \"\"18108750-1\"\" is not valid JSON","ip":"::1","level":"error","message":"Error no manejado:","method":"POST","service":"bancarizate-api","stack":"SyntaxError: Unexpected token '\"', \"\"18108750-1\"\" is not valid JSON\n    at JSON.parse (<anonymous>)\n    at createStrictSyntaxError (C:\\Users\\hugom\\OneDrive\\Desktop\\Bancarizame\\backend\\node_modules\\body-parser\\lib\\types\\json.js:169:10)\n    at parse (C:\\Users\\hugom\\OneDrive\\Desktop\\Bancarizame\\backend\\node_modules\\body-parser\\lib\\types\\json.js:86:15)\n    at C:\\Users\\hugom\\OneDrive\\Desktop\\Bancarizame\\backend\\node_modules\\body-parser\\lib\\read.js:128:18\n    at AsyncResource.runInAsyncScope (node:async_hooks:206:9)\n    at invokeCallback (C:\\Users\\hugom\\OneDrive\\Desktop\\Bancarizame\\backend\\node_modules\\raw-body\\index.js:238:16)\n    at done (C:\\Users\\hugom\\OneDrive\\Desktop\\Bancarizame\\backend\\node_modules\\raw-body\\index.js:227:7)\n    at IncomingMessage.onEnd (C:\\Users\\hugom\\OneDrive\\Desktop\\Bancarizame\\backend\\node_modules\\raw-body\\index.js:287:7)\n    at IncomingMessage.emit (node:events:524:28)\n    at endReadableNT (node:internal/streams/readable:1698:12)","timestamp":"2025-07-31T02:42:16.183Z","url":"/api/auth/login","userAgent":"Mozilla/5.0 (iPhone; CPU iPhone OS 16_6 like Mac OS X) AppleWebKit/605.1.15 (KHTML, like Gecko) Version/16.6 Mobile/15E148 Safari/604.1"}
{"level":"info","message":"Servidor BANCARIZATE iniciado en puerto 5000","service":"bancarizate-api","timestamp":"2025-07-31T03:35:40.530Z"}
{"level":"info","message":"Ambiente: development","service":"bancarizate-api","timestamp":"2025-07-31T03:35:40.537Z"}
{"level":"info","message":"Servidor BANCARIZATE iniciado en puerto 5000","service":"bancarizate-api","timestamp":"2025-07-31T03:36:04.741Z"}
{"level":"info","message":"Ambiente: development","service":"bancarizate-api","timestamp":"2025-07-31T03:36:04.744Z"}
{"level":"info","message":"Servidor BANCARIZATE iniciado en puerto 5000","service":"bancarizate-api","timestamp":"2025-07-31T03:37:18.462Z"}
{"level":"info","message":"Ambiente: development","service":"bancarizate-api","timestamp":"2025-07-31T03:37:18.465Z"}
{"level":"warn","message":"Ruta no encontrada: GET /api/activity/types","service":"bancarizate-api","timestamp":"2025-07-31T03:39:13.820Z"}
{"level":"warn","message":"Ruta no encontrada: GET /api/activity?page=1&limit=50&date=2025-07-31","service":"bancarizate-api","timestamp":"2025-07-31T03:39:13.823Z"}
{"level":"warn","message":"Ruta no encontrada: GET /api/activity/types","service":"bancarizate-api","timestamp":"2025-07-31T03:39:13.826Z"}
{"level":"warn","message":"Ruta no encontrada: GET /api/activity?page=1&limit=50&date=2025-07-31","service":"bancarizate-api","timestamp":"2025-07-31T03:39:13.832Z"}
{"level":"warn","message":"Ruta no encontrada: GET /api/activity?page=1&limit=50&date=2025-07-31","service":"bancarizate-api","timestamp":"2025-07-31T03:39:15.730Z"}
{"level":"warn","message":"Ruta no encontrada: GET /api/activity/types","service":"bancarizate-api","timestamp":"2025-07-31T03:42:41.152Z"}
{"level":"warn","message":"Ruta no encontrada: GET /api/activity?page=1&limit=50&date=2025-07-31","service":"bancarizate-api","timestamp":"2025-07-31T03:42:41.156Z"}
{"level":"warn","message":"Ruta no encontrada: GET /api/activity/types","service":"bancarizate-api","timestamp":"2025-07-31T03:42:41.160Z"}
{"level":"warn","message":"Ruta no encontrada: GET /api/activity?page=1&limit=50&date=2025-07-31","service":"bancarizate-api","timestamp":"2025-07-31T03:42:41.167Z"}
{"level":"warn","message":"Ruta no encontrada: GET /api/activity?page=1&limit=50&date=2025-07-31","service":"bancarizate-api","timestamp":"2025-07-31T03:43:04.248Z"}
{"level":"info","message":"Servidor BANCARIZATE iniciado en puerto 5000","service":"bancarizate-api","timestamp":"2025-07-31T03:46:18.149Z"}
{"level":"info","message":"Ambiente: development","service":"bancarizate-api","timestamp":"2025-07-31T03:46:18.152Z"}
{"level":"warn","message":"Ruta no encontrada: GET /api/activity?page=1&limit=50&date=2025-07-31","service":"bancarizate-api","timestamp":"2025-07-31T03:46:21.272Z"}
{"level":"info","message":"Servidor BANCARIZATE iniciado en puerto 5000","service":"bancarizate-api","timestamp":"2025-07-31T04:00:19.445Z"}
{"level":"info","message":"Ambiente: development","service":"bancarizate-api","timestamp":"2025-07-31T04:00:19.448Z"}
{"level":"info","message":"Servidor BANCARIZATE iniciado en puerto 5000","service":"bancarizate-api","timestamp":"2025-07-31T16:31:54.669Z"}
{"level":"info","message":"Ambiente: development","service":"bancarizate-api","timestamp":"2025-07-31T16:31:54.672Z"}
{"level":"warn","message":"Ruta no encontrada: GET /api/activity/types","service":"bancarizate-api","timestamp":"2025-07-31T16:32:29.801Z"}
{"level":"warn","message":"Ruta no encontrada: GET /api/activity?page=1&limit=50&date=2025-07-31","service":"bancarizate-api","timestamp":"2025-07-31T16:32:29.808Z"}
{"level":"warn","message":"Ruta no encontrada: GET /api/activity/types","service":"bancarizate-api","timestamp":"2025-07-31T16:32:29.812Z"}
{"level":"warn","message":"Ruta no encontrada: GET /api/activity?page=1&limit=50&date=2025-07-31","service":"bancarizate-api","timestamp":"2025-07-31T16:32:29.818Z"}
{"level":"info","message":"Servidor BANCARIZATE iniciado en puerto 5000","service":"bancarizate-api","timestamp":"2025-07-31T16:42:24.802Z"}
{"level":"info","message":"Ambiente: development","service":"bancarizate-api","timestamp":"2025-07-31T16:42:24.806Z"}
{"level":"info","message":"Sistema de actividades: HABILITADO","service":"bancarizate-api","timestamp":"2025-07-31T16:42:24.806Z"}
{"level":"info","message":"Servidor BANCARIZATE iniciado en puerto 5000","service":"bancarizate-api","timestamp":"2025-07-31T16:42:41.626Z"}
{"level":"info","message":"Ambiente: development","service":"bancarizate-api","timestamp":"2025-07-31T16:42:41.629Z"}
{"level":"info","message":"Sistema de actividades: HABILITADO","service":"bancarizate-api","timestamp":"2025-07-31T16:42:41.629Z"}
{"level":"warn","message":"Ruta no encontrada: GET /api/activity/roles","service":"bancarizate-api","timestamp":"2025-07-31T17:01:18.552Z"}
{"level":"warn","message":"Ruta no encontrada: GET /api/activity/users?limit=20","service":"bancarizate-api","timestamp":"2025-07-31T17:01:18.671Z"}
{"level":"warn","message":"Ruta no encontrada: GET /api/activity/roles","service":"bancarizate-api","timestamp":"2025-07-31T17:02:16.462Z"}
{"level":"warn","message":"Ruta no encontrada: GET /api/activity/roles","service":"bancarizate-api","timestamp":"2025-07-31T17:02:16.567Z"}
{"level":"warn","message":"Ruta no encontrada: GET /api/activity/roles","service":"bancarizate-api","timestamp":"2025-07-31T17:06:46.242Z"}
{"level":"warn","message":"Ruta no encontrada: GET /api/activity/users?limit=20","service":"bancarizate-api","timestamp":"2025-07-31T17:06:46.350Z"}
{"level":"warn","message":"Ruta no encontrada: GET /api/activity/roles","service":"bancarizate-api","timestamp":"2025-07-31T17:06:46.371Z"}
{"level":"warn","message":"Ruta no encontrada: GET /api/activity/users?search=c&limit=20","service":"bancarizate-api","timestamp":"2025-07-31T17:06:56.147Z"}
{"level":"warn","message":"Ruta no encontrada: GET /api/activity/users?search=cl&limit=20","service":"bancarizate-api","timestamp":"2025-07-31T17:06:56.272Z"}
{"level":"warn","message":"Ruta no encontrada: GET /api/activity/users?search=c&limit=20","service":"bancarizate-api","timestamp":"2025-07-31T17:06:56.826Z"}
{"level":"warn","message":"Ruta no encontrada: GET /api/activity/users?limit=20","service":"bancarizate-api","timestamp":"2025-07-31T17:06:56.968Z"}
{"level":"warn","message":"Ruta no encontrada: GET /api/activity/users?search=1&limit=20","service":"bancarizate-api","timestamp":"2025-07-31T17:06:57.128Z"}
{"level":"warn","message":"Ruta no encontrada: GET /api/activity/users?search=16&limit=20","service":"bancarizate-api","timestamp":"2025-07-31T17:06:57.661Z"}
{"level":"warn","message":"Ruta no encontrada: GET /api/activity/users?search=167&limit=20","service":"bancarizate-api","timestamp":"2025-07-31T17:06:58.013Z"}
{"level":"warn","message":"Ruta no encontrada: GET /api/activity/users?search=1676&limit=20","service":"bancarizate-api","timestamp":"2025-07-31T17:06:58.263Z"}
{"level":"warn","message":"Ruta no encontrada: GET /api/activity/users?search=16765&limit=20","service":"bancarizate-api","timestamp":"2025-07-31T17:06:59.539Z"}
{"level":"warn","message":"Ruta no encontrada: GET /api/activity/users?limit=20","service":"bancarizate-api","timestamp":"2025-07-31T17:07:02.824Z"}
{"level":"warn","message":"Ruta no encontrada: GET /api/activity/roles","service":"bancarizate-api","timestamp":"2025-07-31T17:07:32.616Z"}
{"level":"warn","message":"Ruta no encontrada: GET /api/activity/users?limit=20","service":"bancarizate-api","timestamp":"2025-07-31T17:07:32.627Z"}
{"level":"warn","message":"Ruta no encontrada: GET /api/activity/roles","service":"bancarizate-api","timestamp":"2025-07-31T17:07:32.756Z"}
{"level":"warn","message":"Ruta no encontrada: GET /api/activity/roles","service":"bancarizate-api","timestamp":"2025-07-31T17:07:48.800Z"}
{"level":"warn","message":"Ruta no encontrada: GET /api/activity/users?limit=20","service":"bancarizate-api","timestamp":"2025-07-31T17:07:48.821Z"}
{"level":"warn","message":"Ruta no encontrada: GET /api/activity/roles","service":"bancarizate-api","timestamp":"2025-07-31T17:07:48.842Z"}
{"level":"info","message":"Servidor BANCARIZATE iniciado en puerto 5000","service":"bancarizate-api","timestamp":"2025-07-31T17:07:59.618Z"}
{"level":"info","message":"Ambiente: development","service":"bancarizate-api","timestamp":"2025-07-31T17:07:59.621Z"}
{"level":"info","message":"Sistema de actividades: HABILITADO","service":"bancarizate-api","timestamp":"2025-07-31T17:07:59.621Z"}
{"level":"warn","message":"Ruta no encontrada: GET /api/activity/roles","service":"bancarizate-api","timestamp":"2025-07-31T17:08:03.969Z"}
{"level":"warn","message":"Ruta no encontrada: GET /api/activity/users?limit=20","service":"bancarizate-api","timestamp":"2025-07-31T17:08:04.004Z"}
{"level":"warn","message":"Ruta no encontrada: GET /api/activity/roles","service":"bancarizate-api","timestamp":"2025-07-31T17:08:04.069Z"}
{"level":"warn","message":"Ruta no encontrada: GET /api/activity/roles","service":"bancarizate-api","timestamp":"2025-07-31T17:13:29.938Z"}
{"level":"warn","message":"Ruta no encontrada: GET /api/activity/roles","service":"bancarizate-api","timestamp":"2025-07-31T17:13:29.962Z"}
{"level":"warn","message":"Ruta no encontrada: GET /api/activity/users?limit=20","service":"bancarizate-api","timestamp":"2025-07-31T17:13:29.968Z"}
{"level":"warn","message":"Ruta no encontrada: GET /api/activity/users?limit=20","service":"bancarizate-api","timestamp":"2025-07-31T17:14:52.007Z"}
{"level":"warn","message":"Ruta no encontrada: GET /api/activity/roles","service":"bancarizate-api","timestamp":"2025-07-31T17:14:52.093Z"}
{"level":"warn","message":"Ruta no encontrada: GET /api/activity/roles","service":"bancarizate-api","timestamp":"2025-07-31T17:14:52.340Z"}
{"level":"info","message":"Servidor BANCARIZATE iniciado en puerto 5000","service":"bancarizate-api","timestamp":"2025-07-31T17:15:29.084Z"}
{"level":"info","message":"Ambiente: development","service":"bancarizate-api","timestamp":"2025-07-31T17:15:29.087Z"}
{"level":"info","message":"Sistema de actividades: HABILITADO","service":"bancarizate-api","timestamp":"2025-07-31T17:15:29.088Z"}
{"level":"info","message":"Servidor BANCARIZATE iniciado en puerto 5000","service":"bancarizate-api","timestamp":"2025-07-31T17:15:56.613Z"}
{"level":"info","message":"Ambiente: development","service":"bancarizate-api","timestamp":"2025-07-31T17:15:56.616Z"}
{"level":"info","message":"Sistema de actividades: HABILITADO","service":"bancarizate-api","timestamp":"2025-07-31T17:15:56.616Z"}
{"level":"warn","message":"Ruta no encontrada: GET /api/activity/roles","service":"bancarizate-api","timestamp":"2025-07-31T17:16:08.695Z"}
{"level":"warn","message":"Ruta no encontrada: GET /api/activity/users?limit=20","service":"bancarizate-api","timestamp":"2025-07-31T17:16:08.789Z"}
{"level":"warn","message":"Ruta no encontrada: GET /api/activity/roles","service":"bancarizate-api","timestamp":"2025-07-31T17:16:08.833Z"}
{"level":"warn","message":"Ruta no encontrada: GET /api/activity/roles","service":"bancarizate-api","timestamp":"2025-07-31T17:18:49.111Z"}
{"level":"warn","message":"Ruta no encontrada: GET /api/activity/users?limit=20","service":"bancarizate-api","timestamp":"2025-07-31T17:18:49.135Z"}
{"level":"warn","message":"Ruta no encontrada: GET /api/activity/roles","service":"bancarizate-api","timestamp":"2025-07-31T17:18:49.243Z"}
{"level":"warn","message":"Ruta no encontrada: GET /api/activity/roles","service":"bancarizate-api","timestamp":"2025-07-31T21:09:29.843Z"}
{"level":"warn","message":"Ruta no encontrada: GET /api/activity/users?limit=20","service":"bancarizate-api","timestamp":"2025-07-31T21:09:29.858Z"}
{"level":"warn","message":"Ruta no encontrada: GET /api/activity/roles","service":"bancarizate-api","timestamp":"2025-07-31T21:09:29.946Z"}
{"level":"info","message":"Servidor BANCARIZATE iniciado en puerto 5000","service":"bancarizate-api","timestamp":"2025-07-31T21:14:37.654Z"}
{"level":"info","message":"Ambiente: development","service":"bancarizate-api","timestamp":"2025-07-31T21:14:37.657Z"}
{"level":"info","message":"Sistema de actividades: HABILITADO","service":"bancarizate-api","timestamp":"2025-07-31T21:14:37.657Z"}
{"level":"info","message":"Servidor BANCARIZATE iniciado en puerto 5000","service":"bancarizate-api","timestamp":"2025-07-31T21:26:50.498Z"}
{"level":"info","message":"Ambiente: development","service":"bancarizate-api","timestamp":"2025-07-31T21:26:50.505Z"}
{"level":"info","message":"Sistema de actividades: HABILITADO","service":"bancarizate-api","timestamp":"2025-07-31T21:26:50.506Z"}
{"level":"info","message":"Servidor BANCARIZATE iniciado en puerto 5000","service":"bancarizate-api","timestamp":"2025-07-31T21:31:33.750Z"}
{"level":"info","message":"Ambiente: development","service":"bancarizate-api","timestamp":"2025-07-31T21:31:33.753Z"}
{"level":"info","message":"Sistema de actividades: HABILITADO","service":"bancarizate-api","timestamp":"2025-07-31T21:31:33.753Z"}
{"level":"info","message":"Servidor BANCARIZATE iniciado en puerto 5000","service":"bancarizate-api","timestamp":"2025-07-31T21:34:45.376Z"}
{"level":"info","message":"Ambiente: development","service":"bancarizate-api","timestamp":"2025-07-31T21:34:45.379Z"}
{"level":"info","message":"Sistema de actividades: HABILITADO","service":"bancarizate-api","timestamp":"2025-07-31T21:34:45.379Z"}
{"level":"info","message":"Servidor BANCARIZATE iniciado en puerto 5000","service":"bancarizate-api","timestamp":"2025-07-31T21:44:40.913Z"}
{"level":"info","message":"Ambiente: development","service":"bancarizate-api","timestamp":"2025-07-31T21:44:40.925Z"}
{"level":"info","message":"Sistema de actividades: HABILITADO","service":"bancarizate-api","timestamp":"2025-07-31T21:44:40.926Z"}
{"level":"info","message":"Servidor BANCARIZATE iniciado en puerto 5000","service":"bancarizate-api","timestamp":"2025-07-31T21:44:53.543Z"}
{"level":"info","message":"Ambiente: development","service":"bancarizate-api","timestamp":"2025-07-31T21:44:53.548Z"}
{"level":"info","message":"Sistema de actividades: HABILITADO","service":"bancarizate-api","timestamp":"2025-07-31T21:44:53.548Z"}
{"level":"info","message":"Servidor BANCARIZATE iniciado en puerto 5000","service":"bancarizate-api","timestamp":"2025-07-31T21:48:31.237Z"}
{"level":"info","message":"Ambiente: development","service":"bancarizate-api","timestamp":"2025-07-31T21:48:31.240Z"}
{"level":"info","message":"Sistema de actividades: HABILITADO","service":"bancarizate-api","timestamp":"2025-07-31T21:48:31.240Z"}
{"level":"info","message":"Servidor BANCARIZATE iniciado en puerto 5000","service":"bancarizate-api","timestamp":"2025-08-01T02:36:59.003Z"}
{"level":"info","message":"Ambiente: development","service":"bancarizate-api","timestamp":"2025-08-01T02:36:59.005Z"}
{"level":"info","message":"Sistema de actividades: HABILITADO","service":"bancarizate-api","timestamp":"2025-08-01T02:36:59.006Z"}
{"level":"info","message":"Servidor BANCARIZATE iniciado en puerto 5000","service":"bancarizate-api","timestamp":"2025-08-01T02:37:15.737Z"}
{"level":"info","message":"Ambiente: development","service":"bancarizate-api","timestamp":"2025-08-01T02:37:15.740Z"}
{"level":"info","message":"Sistema de actividades: HABILITADO","service":"bancarizate-api","timestamp":"2025-08-01T02:37:15.740Z"}
{"level":"info","message":"Servidor BANCARIZATE iniciado en puerto 5000","service":"bancarizate-api","timestamp":"2025-08-01T02:48:09.185Z"}
{"level":"info","message":"Ambiente: development","service":"bancarizate-api","timestamp":"2025-08-01T02:48:09.188Z"}
{"level":"info","message":"Sistema de actividades: HABILITADO","service":"bancarizate-api","timestamp":"2025-08-01T02:48:09.188Z"}
{"level":"info","message":"Servidor BANCARIZATE iniciado en puerto 5000","service":"bancarizate-api","timestamp":"2025-08-01T02:48:21.114Z"}
{"level":"info","message":"Ambiente: development","service":"bancarizate-api","timestamp":"2025-08-01T02:48:21.117Z"}
{"level":"info","message":"Sistema de actividades: HABILITADO","service":"bancarizate-api","timestamp":"2025-08-01T02:48:21.117Z"}
{"level":"info","message":"Servidor BANCARIZATE iniciado en puerto 5000","service":"bancarizate-api","timestamp":"2025-08-01T04:07:33.249Z"}
{"level":"info","message":"Ambiente: development","service":"bancarizate-api","timestamp":"2025-08-01T04:07:33.252Z"}
{"level":"info","message":"Sistema de actividades: HABILITADO","service":"bancarizate-api","timestamp":"2025-08-01T04:07:33.252Z"}
{"level":"info","message":"Servidor BANCARIZATE iniciado en puerto 5000","service":"bancarizate-api","timestamp":"2025-08-01T04:54:28.934Z"}
{"level":"info","message":"Ambiente: development","service":"bancarizate-api","timestamp":"2025-08-01T04:54:28.937Z"}
{"level":"info","message":"Sistema de actividades: HABILITADO","service":"bancarizate-api","timestamp":"2025-08-01T04:54:28.943Z"}
{"level":"info","message":"Servidor BANCARIZATE iniciado en puerto 5000","service":"bancarizate-api","timestamp":"2025-08-01T12:20:41.133Z"}
{"level":"info","message":"Ambiente: development","service":"bancarizate-api","timestamp":"2025-08-01T12:20:41.136Z"}
{"level":"info","message":"Sistema de actividades: HABILITADO","service":"bancarizate-api","timestamp":"2025-08-01T12:20:41.136Z"}
{"level":"info","message":"Panel administrativo: HABILITADO","service":"bancarizate-api","timestamp":"2025-08-01T12:20:41.137Z"}
{"level":"info","message":"Servidor BANCARIZATE iniciado en puerto 5000","service":"bancarizate-api","timestamp":"2025-08-01T12:21:11.129Z"}
{"level":"info","message":"Ambiente: development","service":"bancarizate-api","timestamp":"2025-08-01T12:21:11.132Z"}
{"level":"info","message":"Sistema de actividades: HABILITADO","service":"bancarizate-api","timestamp":"2025-08-01T12:21:11.133Z"}
{"level":"info","message":"Panel administrativo: HABILITADO","service":"bancarizate-api","timestamp":"2025-08-01T12:21:11.133Z"}
{"level":"info","message":"Servidor BANCARIZATE iniciado en puerto 5000","service":"bancarizate-api","timestamp":"2025-08-01T12:23:24.804Z"}
{"level":"info","message":"Ambiente: development","service":"bancarizate-api","timestamp":"2025-08-01T12:23:24.809Z"}
{"level":"info","message":"Sistema de actividades: HABILITADO","service":"bancarizate-api","timestamp":"2025-08-01T12:23:24.809Z"}
{"level":"info","message":"Panel administrativo: HABILITADO","service":"bancarizate-api","timestamp":"2025-08-01T12:23:24.810Z"}
{"level":"info","message":"Servidor BANCARIZATE iniciado en puerto 5000","service":"bancarizate-api","timestamp":"2025-08-01T12:28:33.593Z"}
{"level":"info","message":"Ambiente: development","service":"bancarizate-api","timestamp":"2025-08-01T12:28:33.596Z"}
{"level":"info","message":"Sistema de actividades: HABILITADO","service":"bancarizate-api","timestamp":"2025-08-01T12:28:33.600Z"}
{"level":"info","message":"Panel administrativo: HABILITADO","service":"bancarizate-api","timestamp":"2025-08-01T12:28:33.601Z"}
{"level":"info","message":"Servidor BANCARIZATE iniciado en puerto 5000","service":"bancarizate-api","timestamp":"2025-08-01T12:37:37.124Z"}
{"level":"info","message":"Ambiente: development","service":"bancarizate-api","timestamp":"2025-08-01T12:37:37.129Z"}
{"level":"info","message":"Sistema de actividades: HABILITADO","service":"bancarizate-api","timestamp":"2025-08-01T12:37:37.129Z"}
{"level":"info","message":"Panel administrativo: HABILITADO","service":"bancarizate-api","timestamp":"2025-08-01T12:37:37.129Z"}
{"level":"info","message":"Servidor BANCARIZATE iniciado en puerto 5000","service":"bancarizate-api","timestamp":"2025-08-02T14:55:07.206Z"}
{"level":"info","message":"Ambiente: development","service":"bancarizate-api","timestamp":"2025-08-02T14:55:07.209Z"}
{"level":"info","message":"Sistema de actividades: HABILITADO","service":"bancarizate-api","timestamp":"2025-08-02T14:55:07.209Z"}
{"level":"info","message":"Panel administrativo: HABILITADO","service":"bancarizate-api","timestamp":"2025-08-02T14:55:07.209Z"}
{"level":"info","message":"Servidor BANCARIZATE iniciado en puerto 5000","service":"bancarizate-api","timestamp":"2025-08-02T16:29:22.754Z"}
{"level":"info","message":"Ambiente: development","service":"bancarizate-api","timestamp":"2025-08-02T16:29:22.760Z"}
{"level":"info","message":"Sistema de actividades: HABILITADO","service":"bancarizate-api","timestamp":"2025-08-02T16:29:22.761Z"}
{"level":"info","message":"Panel administrativo: HABILITADO","service":"bancarizate-api","timestamp":"2025-08-02T16:29:22.761Z"}
{"level":"info","message":"Servidor BANCARIZATE iniciado en puerto 5000","service":"bancarizate-api","timestamp":"2025-08-02T16:29:31.477Z"}
{"level":"info","message":"Ambiente: development","service":"bancarizate-api","timestamp":"2025-08-02T16:29:31.479Z"}
{"level":"info","message":"Sistema de actividades: HABILITADO","service":"bancarizate-api","timestamp":"2025-08-02T16:29:31.480Z"}
{"level":"info","message":"Panel administrativo: HABILITADO","service":"bancarizate-api","timestamp":"2025-08-02T16:29:31.480Z"}
{"level":"info","message":"Servidor BANCARIZATE iniciado en puerto 5000","service":"bancarizate-api","timestamp":"2025-08-02T16:29:32.690Z"}
{"level":"info","message":"Ambiente: development","service":"bancarizate-api","timestamp":"2025-08-02T16:29:32.693Z"}
{"level":"info","message":"Sistema de actividades: HABILITADO","service":"bancarizate-api","timestamp":"2025-08-02T16:29:32.693Z"}
{"level":"info","message":"Panel administrativo: HABILITADO","service":"bancarizate-api","timestamp":"2025-08-02T16:29:32.694Z"}
{"level":"info","message":"Servidor BANCARIZATE iniciado en puerto 5000","service":"bancarizate-api","timestamp":"2025-08-02T20:01:03.326Z"}
{"level":"info","message":"Ambiente: development","service":"bancarizate-api","timestamp":"2025-08-02T20:01:03.329Z"}
{"level":"info","message":"Sistema de actividades: HABILITADO","service":"bancarizate-api","timestamp":"2025-08-02T20:01:03.329Z"}
{"level":"info","message":"Panel administrativo: HABILITADO","service":"bancarizate-api","timestamp":"2025-08-02T20:01:03.330Z"}
{"level":"info","message":"Servidor BANCARIZATE iniciado en puerto 5000","service":"bancarizate-api","timestamp":"2025-08-02T20:02:22.063Z"}
{"level":"info","message":"Ambiente: development","service":"bancarizate-api","timestamp":"2025-08-02T20:02:22.067Z"}
{"level":"info","message":"Sistema de actividades: HABILITADO","service":"bancarizate-api","timestamp":"2025-08-02T20:02:22.068Z"}
{"level":"info","message":"Panel administrativo: HABILITADO","service":"bancarizate-api","timestamp":"2025-08-02T20:02:22.069Z"}
{"level":"info","message":"Servidor BANCARIZATE iniciado en puerto 5000","service":"bancarizate-api","timestamp":"2025-08-02T20:34:38.815Z"}
{"level":"info","message":"Ambiente: development","service":"bancarizate-api","timestamp":"2025-08-02T20:34:38.818Z"}
{"level":"info","message":"Sistema de actividades: HABILITADO","service":"bancarizate-api","timestamp":"2025-08-02T20:34:38.818Z"}
{"level":"info","message":"Panel administrativo: HABILITADO","service":"bancarizate-api","timestamp":"2025-08-02T20:34:38.818Z"}
{"level":"info","message":"Servidor BANCARIZATE iniciado en puerto 5000","service":"bancarizate-api","timestamp":"2025-08-03T04:07:45.690Z"}
{"level":"info","message":"Ambiente: development","service":"bancarizate-api","timestamp":"2025-08-03T04:07:45.697Z"}
{"level":"info","message":"Sistema de actividades: HABILITADO","service":"bancarizate-api","timestamp":"2025-08-03T04:07:45.697Z"}
{"level":"info","message":"Panel administrativo: HABILITADO","service":"bancarizate-api","timestamp":"2025-08-03T04:07:45.697Z"}
{"level":"info","message":"Servidor BANCARIZATE iniciado en puerto 5000","service":"bancarizate-api","timestamp":"2025-08-03T06:25:26.358Z"}
{"level":"info","message":"Ambiente: development","service":"bancarizate-api","timestamp":"2025-08-03T06:25:26.361Z"}
{"level":"info","message":"Sistema de actividades: HABILITADO","service":"bancarizate-api","timestamp":"2025-08-03T06:25:26.362Z"}
{"level":"info","message":"Panel administrativo: HABILITADO","service":"bancarizate-api","timestamp":"2025-08-03T06:25:26.362Z"}
{"level":"warn","message":"Ruta no encontrada: GET /api/admin/backup/table/transfers/preview?limit=10","service":"bancarizate-api","timestamp":"2025-08-03T06:42:24.343Z"}
{"level":"warn","message":"Ruta no encontrada: GET /api/admin/backup/table/students/preview?limit=10","service":"bancarizate-api","timestamp":"2025-08-03T06:52:24.975Z"}
{"level":"info","message":"Servidor BANCARIZATE iniciado en puerto 5000","service":"bancarizate-api","timestamp":"2025-08-03T06:54:52.101Z"}
{"level":"info","message":"Ambiente: development","service":"bancarizate-api","timestamp":"2025-08-03T06:54:52.104Z"}
{"level":"info","message":"Sistema de actividades: HABILITADO","service":"bancarizate-api","timestamp":"2025-08-03T06:54:52.104Z"}
{"level":"info","message":"Panel administrativo: HABILITADO","service":"bancarizate-api","timestamp":"2025-08-03T06:54:52.104Z"}
{"level":"info","message":"Servidor BANCARIZATE iniciado en puerto 5000","service":"bancarizate-api","timestamp":"2025-08-03T06:56:31.035Z"}
{"level":"info","message":"Ambiente: development","service":"bancarizate-api","timestamp":"2025-08-03T06:56:31.038Z"}
{"level":"info","message":"Sistema de actividades: HABILITADO","service":"bancarizate-api","timestamp":"2025-08-03T06:56:31.038Z"}
{"level":"info","message":"Panel administrativo: HABILITADO","service":"bancarizate-api","timestamp":"2025-08-03T06:56:31.038Z"}
{"level":"info","message":"Servidor BANCARIZATE iniciado en puerto 5000","service":"bancarizate-api","timestamp":"2025-08-03T07:42:41.556Z"}
{"level":"info","message":"Ambiente: development","service":"bancarizate-api","timestamp":"2025-08-03T07:42:41.560Z"}
{"level":"info","message":"Sistema de actividades: HABILITADO","service":"bancarizate-api","timestamp":"2025-08-03T07:42:41.562Z"}
{"level":"info","message":"Panel administrativo: HABILITADO","service":"bancarizate-api","timestamp":"2025-08-03T07:42:41.563Z"}
{"level":"info","message":"Servidor BANCARIZATE iniciado en puerto 5000","service":"bancarizate-api","timestamp":"2025-08-08T00:54:09.181Z"}
{"level":"info","message":"Ambiente: development","service":"bancarizate-api","timestamp":"2025-08-08T00:54:09.186Z"}
{"level":"info","message":"Sistema de actividades: HABILITADO","service":"bancarizate-api","timestamp":"2025-08-08T00:54:09.187Z"}
{"level":"info","message":"Panel administrativo: HABILITADO","service":"bancarizate-api","timestamp":"2025-08-08T00:54:09.188Z"}
{"level":"info","message":"Servidor BANCARIZATE iniciado en puerto 5000","service":"bancarizate-api","timestamp":"2025-08-08T01:33:36.290Z"}
{"level":"info","message":"Ambiente: development","service":"bancarizate-api","timestamp":"2025-08-08T01:33:36.293Z"}
{"level":"info","message":"Sistema de actividades: HABILITADO","service":"bancarizate-api","timestamp":"2025-08-08T01:33:36.293Z"}
{"level":"info","message":"Panel administrativo: HABILITADO","service":"bancarizate-api","timestamp":"2025-08-08T01:33:36.294Z"}
{"level":"info","message":"Servidor BANCARIZATE iniciado en puerto 5000","service":"bancarizate-api","timestamp":"2025-08-08T01:46:39.709Z"}
{"level":"info","message":"Ambiente: development","service":"bancarizate-api","timestamp":"2025-08-08T01:46:39.712Z"}
{"level":"info","message":"Sistema de actividades: HABILITADO","service":"bancarizate-api","timestamp":"2025-08-08T01:46:39.712Z"}
{"level":"info","message":"Panel administrativo: HABILITADO","service":"bancarizate-api","timestamp":"2025-08-08T01:46:39.712Z"}
{"level":"info","message":"Servidor BANCARIZATE iniciado en puerto 5000","service":"bancarizate-api","timestamp":"2025-08-11T14:12:29.044Z"}
{"level":"info","message":"Ambiente: development","service":"bancarizate-api","timestamp":"2025-08-11T14:12:29.046Z"}
{"level":"info","message":"Sistema de actividades: HABILITADO","service":"bancarizate-api","timestamp":"2025-08-11T14:12:29.047Z"}
{"level":"info","message":"Panel administrativo: HABILITADO","service":"bancarizate-api","timestamp":"2025-08-11T14:12:29.047Z"}
